<?xml version="1.0" encoding="UTF-8"?>
<!-- Generated by org.testng.reporters.JUnitXMLReporter -->
<testsuite ignored="0" hostname="DESKTOP-OLD52BT" failures="0" tests="7" name="Default test" time="38.947" errors="0" timestamp="2024-06-20T16:49:27 IST">
  <testcase classname="vertical_retail.retailecommerceClass1Test" name="verticals" time="2.495"/>
  <testcase classname="vertical_retail.retailecommerceClass1Test" name="retail" time="2.397"/>
  <testcase classname="vertical_retail.retailecommerceClass1Test" name="ecom" time="4.601"/>
  <testcase classname="vertical_retail.retailecommerceClass1Test" name="text" time="2.127"/>
  <testcase classname="vertical_retail.retailecommerceClass1Test" name="verticals2" time="3.089"/>
  <testcase classname="vertical_retail.retailecommerceClass1Test" name="retail2" time="2.211"/>
  <testcase classname="vertical_retail.retailecommerceClass1Test" name="ecomdev" time="3.949"/>
</testsuite> <!-- Default test -->
